<?xml version="1.0" encoding="UTF-8"?>
<testng-results skipped="0" failed="0" total="1" passed="1">
  <reporter-output>
  </reporter-output>
  <suite name="Default suite" duration-ms="35724" started-at="2015-12-23T14:17:58Z" finished-at="2015-12-23T14:18:33Z">
    <groups>
    </groups>
    <test name="Default test" duration-ms="35724" started-at="2015-12-23T14:17:58Z" finished-at="2015-12-23T14:18:33Z">
      <class name="com.testng.TestApp">
        <test-method status="PASS" signature="setUp()[pri:0, instance:com.testng.TestApp@19bb089b]" name="setUp" is-config="true" duration-ms="4438" started-at="2015-12-23T19:47:58Z" finished-at="2015-12-23T19:48:02Z">
          <reporter-output>
          </reporter-output>
        </test-method> <!-- setUp -->
        <test-method status="PASS" signature="test()[pri:0, instance:com.testng.TestApp@19bb089b]" name="test" duration-ms="30977" started-at="2015-12-23T19:48:02Z" finished-at="2015-12-23T19:48:33Z">
          <reporter-output>
          </reporter-output>
        </test-method> <!-- test -->
        <test-method status="PASS" signature="tearDown()[pri:0, instance:com.testng.TestApp@19bb089b]" name="tearDown" is-config="true" duration-ms="297" started-at="2015-12-23T19:48:33Z" finished-at="2015-12-23T19:48:33Z">
          <reporter-output>
          </reporter-output>
        </test-method> <!-- tearDown -->
      </class> <!-- com.testng.TestApp -->
    </test> <!-- Default test -->
  </suite> <!-- Default suite -->
</testng-results>
